C51 COMPILER V9.60.7.0   MAIN                                                              03/14/2025 22:01:09 PAGE 1   


C51 COMPILER V9.60.7.0, COMPILATION OF MODULE MAIN
OBJECT MODULE PLACED IN .\list\main.obj
COMPILER INVOKED BY: D:\mcu\Keil_v5\C51\BIN\C51.EXE ..\User\main.c LARGE OMF2 OPTIMIZE(8,SPEED) BROWSE INCDIR(..\Driver\
                    -inc;..\User;..\App\inc) DEBUG PRINT(.\list\main.lst) TABS(2) OBJECT(.\list\main.obj)

line level    source

   1          /*---------------------------------------------------------------------*/
   2          /* --- STC MCU Limited ------------------------------------------------*/
   3          /* --- STC 1T Series MCU Demo Programme -------------------------------*/
   4          /* --- Mobile: (86)13922805190 ----------------------------------------*/
   5          /* --- Fax: 86-0513-55012956,55012947,55012969 ------------------------*/
   6          /* --- Tel: 86-0513-55012928,55012929,55012966 ------------------------*/
   7          /* --- Web: www.STCAI.com ---------------------------------------------*/
   8          /* --- BBS: www.STCAIMCU.com  -----------------------------------------*/
   9          /* --- QQ:  800003751 -------------------------------------------------*/
  10          /* 如果要在程序中使用此代码,请在程序中注明使用了STC的资料及程序            */
  11          /*---------------------------------------------------------------------*/
  12          
  13          #include  "config.h"
  14          #include  "System_init.h"
  15          #include  "Task.h"
  16          
  17          //========================================================================
  18          // 函数: void main(void)
  19          // 描述: 主函数程序.
  20          // 参数: None.
  21          // 返回: None.
  22          // 版本: V1.0, 2012-10-22
  23          //========================================================================
  24          void main(void)
  25          {
  26   1        EAXSFR();   /* 扩展寄存器访问使能 */
  27   1        SYS_Init();
  28   1      
  29   1        while (1)
  30   1        {
  31   2              Task_Pro_Handler_Callback();
  32   2        }
  33   1      }
  34          
  35          
  36          


MODULE INFORMATION:   STATIC OVERLAYABLE
   CODE SIZE        =     11    ----
   CONSTANT SIZE    =   ----    ----
   XDATA SIZE       =   ----    ----
   PDATA SIZE       =   ----    ----
   DATA SIZE        =   ----    ----
   IDATA SIZE       =   ----    ----
   BIT SIZE         =   ----    ----
   EDATA SIZE       =   ----    ----
   HDATA SIZE       =   ----    ----
   XDATA CONST SIZE =   ----    ----
   FAR CONST SIZE   =   ----    ----
END OF MODULE INFORMATION.


C51 COMPILATION COMPLETE.  0 WARNING(S),  0 ERROR(S)
