C51 COMPILER V9.60.7.0   STC8H_PWM_ISR                                                     03/14/2025 22:01:12 PAGE 1   


C51 COMPILER V9.60.7.0, COMPILATION OF MODULE STC8H_PWM_ISR
OBJECT MODULE PLACED IN .\list\STC8H_PWM_Isr.obj
COMPILER INVOKED BY: D:\mcu\Keil_v5\C51\BIN\C51.EXE ..\Driver\isr\STC8H_PWM_Isr.c LARGE OMF2 OPTIMIZE(8,SPEED) BROWSE IN
                    -CDIR(..\Driver\inc;..\User;..\App\inc) DEBUG PRINT(.\list\STC8H_PWM_Isr.lst) TABS(2) OBJECT(.\list\STC8H_PWM_Isr.obj)

line level    source

   1          /*---------------------------------------------------------------------*/
   2          /* --- STC MCU Limited ------------------------------------------------*/
   3          /* --- STC 1T Series MCU Demo Programme -------------------------------*/
   4          /* --- Mobile: (86)13922805190 ----------------------------------------*/
   5          /* --- Fax: 86-0513-55012956,55012947,55012969 ------------------------*/
   6          /* --- Tel: 86-0513-55012928,55012929,55012966 ------------------------*/
   7          /* --- Web: www.STCAI.com ---------------------------------------------*/
   8          /* --- BBS: www.STCAIMCU.com  -----------------------------------------*/
   9          /* --- QQ:  800003751 -------------------------------------------------*/
  10          /* 如果要在程序中使用此代码,请在程序中注明使用了STC的资料及程序            */
  11          /*---------------------------------------------------------------------*/
  12          
  13          #include "STC8H_PWM.h"
  14          
  15          


MODULE INFORMATION:   STATIC OVERLAYABLE
   CODE SIZE        =   ----    ----
   CONSTANT SIZE    =   ----    ----
   XDATA SIZE       =   ----    ----
   PDATA SIZE       =   ----    ----
   DATA SIZE        =   ----    ----
   IDATA SIZE       =   ----    ----
   BIT SIZE         =   ----    ----
   EDATA SIZE       =   ----    ----
   HDATA SIZE       =   ----    ----
   XDATA CONST SIZE =   ----    ----
   FAR CONST SIZE   =   ----    ----
END OF MODULE INFORMATION.


C51 COMPILATION COMPLETE.  0 WARNING(S),  0 ERROR(S)
